           1
         150
  
  0.1000000000000E+00   0.4109687692103E-27
  0.1236673000000E+00   0.2359190094067E-23
  0.1529360000000E+00   0.5898052190522E-22
  0.1891319000000E+00   0.7035856979195E-21
  0.2338943000000E+00   0.4635036612238E-20
  0.2892508000000E+00   0.1884201803749E-19
  0.3577086000000E+00   0.5207741513723E-19
  0.4423686000000E+00   0.1051394390882E-18
  0.5470654000000E+00   0.1657565182676E-18
  0.6765410000000E+00   0.2155125455260E-18
  0.8366600000000E+00   0.2383183223411E-18
  0.1034675000000E+01   0.2354137270729E-18
  0.1279555000000E+01   0.2124717242550E-18
  0.1582391000000E+01   0.1740985022150E-18
  0.1956900000000E+01   0.1388800271347E-18
  0.2420045000000E+01   0.1076293201506E-18
  0.2992805000000E+01   0.7681990572739E-19
  0.3701121000000E+01   0.7270635159396E-19
  0.4577077000000E+01   0.7976171373375E-19
  0.5660348000000E+01   0.9243878583013E-19
  0.7000000000000E+01   0.7101409923452E-19
  0.7089677000000E+01   0.7113645846968E-19
  0.7180503000000E+01   0.7049427832131E-19
  0.7272493000000E+01   0.7112099324456E-19
  0.7365661000000E+01   0.7170712543658E-19
  0.7460023000000E+01   0.8775083478648E-19
  0.7555593000000E+01   0.8725275780061E-19
  0.7652388000000E+01   0.1453703579747E-18
  0.7750423000000E+01   0.1755719249692E-18
  0.7849714000000E+01   0.1922594342239E-18
  0.7950277000000E+01   0.1686507456167E-18
  0.8052128000000E+01   0.1207376105822E-18
  0.8155284000000E+01   0.2722930434242E-18
  0.8259761000000E+01   0.2129898973970E-18
  0.8365577000000E+01   0.1408113020060E-18
  0.8472749000000E+01   0.2758218031249E-18
  0.8581293000000E+01   0.1259873766745E-18
  0.8691229000000E+01   0.3075414161174E-18
  0.8802572000000E+01   0.1747028808306E-18
  0.8915342000000E+01   0.1748693402261E-18
  0.9029557000000E+01   0.1993871376864E-18
  0.9145235000000E+01   0.1797060771798E-18
  0.9262394000000E+01   0.2143382424584E-18
  0.9381055000000E+01   0.2315953917622E-18
  0.9501236000000E+01   0.2504877982815E-18
  0.9622957000000E+01   0.2552067138435E-18
  0.9746237000000E+01   0.2609970903859E-18
  0.9871096000000E+01   0.2624276542697E-18
  0.9997555000000E+01   0.2693961935723E-18
  0.1012563000000E+02   0.3064379669874E-18
  0.1025535000000E+02   0.3388583669888E-18
  0.1038673000000E+02   0.2993865795546E-18
  0.1051980000000E+02   0.3253314391078E-18
  0.1065457000000E+02   0.3476320377148E-18
  0.1079107000000E+02   0.3361935126885E-18
  0.1092931000000E+02   0.2862153084199E-18
  0.1106933000000E+02   0.3061887285096E-18
  0.1121113000000E+02   0.3157222343885E-18
  0.1135476000000E+02   0.3231681161622E-18
  0.1150023000000E+02   0.3216180591272E-18
  0.1164756000000E+02   0.3225058870508E-18
  0.1179677000000E+02   0.3950165060115E-18
  0.1194790000000E+02   0.4040358422603E-18
  0.1210097000000E+02   0.4306433382789E-18
  0.1225599000000E+02   0.4064974929328E-18
  0.1241300000000E+02   0.4348341207713E-18
  0.1257203000000E+02   0.4723150601377E-18
  0.1273309000000E+02   0.5002415182025E-18
  0.1289621000000E+02   0.5185268257220E-18
  0.1306143000000E+02   0.5002275185765E-18
  0.1322876000000E+02   0.5534877528984E-18
  0.1339823000000E+02   0.5429905172051E-18
  0.1356988000000E+02   0.5660737465218E-18
  0.1374372000000E+02   0.5260474667572E-18
  0.1391979000000E+02   0.5871210734410E-18
  0.1409812000000E+02   0.5656183465676E-18
  0.1427873000000E+02   0.5647275128235E-18
  0.1446165000000E+02   0.5821919223649E-18
  0.1464692000000E+02   0.5656834749511E-18
  0.1483456000000E+02   0.5849809622381E-18
  0.1502461000000E+02   0.5899794709956E-18
  0.1521709000000E+02   0.6072174174839E-18
  0.1541204000000E+02   0.6159041864719E-18
  0.1560948000000E+02   0.6406118557617E-18
  0.1580946000000E+02   0.5511420804613E-18
  0.1601199000000E+02   0.6665137474658E-18
  0.1621712000000E+02   0.6929432241688E-18
  0.1642488000000E+02   0.6775844747909E-18
  0.1663530000000E+02   0.6658900578780E-18
  0.1684841000000E+02   0.6452779404170E-18
  0.1706426000000E+02   0.6426489393420E-18
  0.1728287000000E+02   0.6207148868829E-18
  0.1750428000000E+02   0.5909314467543E-18
  0.1772853000000E+02   0.5656056462829E-18
  0.1795565000000E+02   0.7190483735559E-18
  0.1818568000000E+02   0.6925922011751E-18
  0.1841866000000E+02   0.7090992043973E-18
  0.1865462000000E+02   0.6744588947987E-18
  0.1889360000000E+02   0.6208320809012E-18
  0.1913565000000E+02   0.6438938764272E-18
  0.1938080000000E+02   0.6213839879556E-18
  0.1962908000000E+02   0.6681888794706E-18
  0.1988055000000E+02   0.6761483942309E-18
  0.2013524000000E+02   0.6931994969828E-18
  0.2039320000000E+02   0.7048794280702E-18
  0.2065445000000E+02   0.7043160883483E-18
  0.2091906000000E+02   0.7220929994429E-18
  0.2118705000000E+02   0.8042732969797E-18
  0.2145848000000E+02   0.7686215044976E-18
  0.2173339000000E+02   0.8498600174280E-18
  0.2201181000000E+02   0.8268931348234E-18
  0.2229381000000E+02   0.8658845821576E-18
  0.2257941000000E+02   0.8470019442038E-18
  0.2286868000000E+02   0.8883148323744E-18
  0.2316165000000E+02   0.8398399031944E-18
  0.2345837000000E+02   0.8664484691623E-18
  0.2375890000000E+02   0.8109666268097E-18
  0.2406328000000E+02   0.8480953500721E-18
  0.2437155000000E+02   0.9248135574701E-18
  0.2468378000000E+02   0.8706302408885E-18
  0.2500000000000E+02   0.9412909140502E-18
  0.3073734000000E+02   0.1353690860492E-17
  0.3779135000000E+02   0.1634150865184E-17
  0.4646422000000E+02   0.2608842297991E-17
  0.5712745000000E+02   0.2157283979386E-17
  0.7023782000000E+02   0.2758824785923E-17
  0.8635694000000E+02   0.2992073424644E-17
  0.1061753000000E+03   0.2617443808193E-17
  0.1305418000000E+03   0.2445890008539E-17
  0.1605003000000E+03   0.2554133099216E-17
  0.1973341000000E+03   0.2099813976935E-17
  0.2426209000000E+03   0.1616153528979E-17
  0.2983008000000E+03   0.1208541832613E-17
  0.3667589000000E+03   0.7786070149046E-18
  0.4509277000000E+03   0.4851236610128E-18
  0.5544126000000E+03   0.2945461474058E-18
  0.6816467000000E+03   0.1552737449675E-18
  0.8380801000000E+03   0.7997925936427E-19
  0.1030414000000E+04   0.4679628279168E-19
  0.1266887000000E+04   0.2211140383700E-19
  0.1557629000000E+04   0.1092343928363E-19
  0.1915095000000E+04   0.5553191087149E-20
  0.2354597000000E+04   0.2340598694575E-20
  0.2894961000000E+04   0.1061991603752E-20
  0.3559336000000E+04   0.4877538542336E-21
  0.4376180000000E+04   0.2269559960003E-21
  0.5380484000000E+04   0.1065777086196E-21
  0.6615270000000E+04   0.5539656808761E-22
  0.8133431000000E+04   0.2618821747212E-22
  0.1000000000000E+05   0.1250208052315E-22
